<?xml version="1.0" encoding="UTF-8"?>
<testsuite xmlns:xsi="http://www.w3.org/2001/XMLSchema-instance" xsi:noNamespaceSchemaLocation="https://maven.apache.org/surefire/maven-surefire-plugin/xsd/surefire-test-report-3.0.xsd" version="3.0" name="com.inpe.servicediscovery.ServiceDiscoveryApplicationTests" time="3.351" tests="1" errors="0" skipped="0" failures="0">
  <properties>
[...]
</properties>
  <testcase name="contextLoads" classname="com.inpe.servicediscovery.ServiceDiscoveryApplicationTests" time="0.563">
    <system-out><![CDATA[18:07:08.262 [main] INFO org.springframework.test.context.support.AnnotationConfigContextLoaderUtils -- Could not detect default configuration classes for test class [com.inpe.servicediscovery.ServiceDiscoveryApplicationTests]: ServiceDiscoveryApplicationTests does not declare any static, non-private, non-final, nested classes annotated with @Configuration.
18:07:08.322 [main] INFO org.springframework.boot.test.context.SpringBootTestContextBootstrapper -- Found @SpringBootConfiguration com.inpe.servicediscovery.ServiceDiscoveryApplication for test class com.inpe.servicediscovery.ServiceDiscoveryApplicationTests

  .   ____          _            __ _ _
 /\\ / ___'_ __ _ _(_)_ __  __ _ \ \ \ \
( ( )\___ | '_ | '_| | '_ \/ _` | \ \ \ \
 \\/  ___)| |_)| | | | | || (_| |  ) ) ) )
  '  |____| .__|_| |_|_| |_\__, | / / / /
 =========|_|==============|___/=/_/_/_/
 :: Spring Boot ::                (v3.1.5)

2023-11-21T18:07:08.646-03:00  INFO 22405 --- [           main] c.i.s.ServiceDiscoveryApplicationTests   : Starting ServiceDiscoveryApplicationTests using Java 17.0.8 with PID 22405 (started by oabreu in /home/oabreu/trabalho/DadosAbertosGateway/service-discovery)
2023-11-21T18:07:08.647-03:00  INFO 22405 --- [           main] c.i.s.ServiceDiscoveryApplicationTests   : No active profile set, falling back to 1 default profile: "default"
2023-11-21T18:07:09.425-03:00  INFO 22405 --- [           main] o.s.cloud.context.scope.GenericScope     : BeanFactory id=2931360a-7513-31ed-bc6b-8747d0fd1033
2023-11-21T18:07:10.302-03:00  WARN 22405 --- [           main] iguration$LoadBalancerCaffeineWarnLogger : Spring Cloud LoadBalancer is currently working with the default cache. While this cache implementation is useful for development and tests, it's recommended to use Caffeine cache in production.You can switch to using Caffeine cache, by adding it and org.springframework.cache.caffeine.CaffeineCacheManager to the classpath.
2023-11-21T18:07:10.510-03:00  INFO 22405 --- [           main] o.s.c.n.eureka.InstanceInfoFactory       : Setting initial instance status as: STARTING
2023-11-21T18:07:10.842-03:00  INFO 22405 --- [           main] o.s.b.a.e.web.EndpointLinksResolver      : Exposing 1 endpoint(s) beneath base path '/actuator'
2023-11-21T18:07:10.891-03:00  INFO 22405 --- [           main] o.s.c.n.e.s.EurekaServiceRegistry        : Registering application UNKNOWN with eureka with status UP
2023-11-21T18:07:10.899-03:00  INFO 22405 --- [      Thread-10] o.s.c.n.e.server.EurekaServerBootstrap   : isAws returned false
2023-11-21T18:07:10.900-03:00  INFO 22405 --- [      Thread-10] o.s.c.n.e.server.EurekaServerBootstrap   : Initialized server context
2023-11-21T18:07:10.905-03:00  INFO 22405 --- [      Thread-10] e.s.EurekaServerInitializerConfiguration : Started Eureka Server
2023-11-21T18:07:10.912-03:00  INFO 22405 --- [           main] c.i.s.ServiceDiscoveryApplicationTests   : Started ServiceDiscoveryApplicationTests in 2.487 seconds (process running for 3.105)
]]></system-out>
  </testcase>
</testsuite>